Backend error message
---------------------
Error: java.io.IOException: No space left on device
	at java.io.FileOutputStream.write(FileOutputStream.java:293)
	at org.apache.hadoop.fs.RawLocalFileSystem$LocalFSFileOutputStream.write(RawLocalFileSystem.java:198)
	at java.io.BufferedOutputStream.flushBuffer(BufferedOutputStream.java:76)
	at java.io.BufferedOutputStream.flush(BufferedOutputStream.java:134)
	at java.io.FilterOutputStream.close(FilterOutputStream.java:151)
	at org.apache.hadoop.fs.FSDataOutputStream$PositionCache.close(FSDataOutputStream.java:61)
	at org.apache.hadoop.fs.FSDataOutputStream.close(FSDataOutputStream.java:86)
	at org.apache.hadoop.mapred.MapTask$MapOutputBuffer.sortAndSpill(MapTask.java:1469)
	at org.apache.hadoop.mapred.MapTask$MapOutputBuffer.access$1800(MapTask.java:853)
	at org.apache.hadoop.mapred.MapTask$MapOutputBuffer$SpillThread.run(MapTask.java:1344)

Pig Stack Trace
---------------
ERROR 2244: Job failed, hadoop does not return any error message

org.apache.pig.backend.executionengine.ExecException: ERROR 2244: Job failed, hadoop does not return any error message
	at org.apache.pig.tools.grunt.GruntParser.executeBatch(GruntParser.java:139)
	at org.apache.pig.tools.grunt.GruntParser.parseStopOnError(GruntParser.java:192)
	at org.apache.pig.tools.grunt.GruntParser.parseStopOnError(GruntParser.java:164)
	at org.apache.pig.tools.grunt.Grunt.exec(Grunt.java:81)
	at org.apache.pig.Main.run(Main.java:553)
	at org.apache.pig.Main.main(Main.java:108)
	at sun.reflect.NativeMethodAccessorImpl.invoke0(Native Method)
	at sun.reflect.NativeMethodAccessorImpl.invoke(NativeMethodAccessorImpl.java:60)
	at sun.reflect.DelegatingMethodAccessorImpl.invoke(DelegatingMethodAccessorImpl.java:37)
	at java.lang.reflect.Method.invoke(Method.java:611)
	at org.apache.hadoop.util.RunJar.main(RunJar.java:156)
================================================================================
