Pig Stack Trace
---------------
ERROR 1003: Unable to find an operator for alias ordered

org.apache.pig.impl.logicalLayer.FrontendException: ERROR 1003: Unable to find an operator for alias ordered
	at org.apache.pig.PigServer$Graph.buildPlan(PigServer.java:1477)
	at org.apache.pig.PigServer.storeEx(PigServer.java:991)
	at org.apache.pig.PigServer.store(PigServer.java:963)
	at org.apache.pig.PigServer.openIterator(PigServer.java:876)
	at org.apache.pig.tools.grunt.GruntParser.processDump(GruntParser.java:655)
	at org.apache.pig.tools.pigscript.parser.PigScriptParser.parse(PigScriptParser.java:303)
	at org.apache.pig.tools.grunt.GruntParser.parseStopOnError(GruntParser.java:188)
	at org.apache.pig.tools.grunt.GruntParser.parseStopOnError(GruntParser.java:164)
	at org.apache.pig.tools.grunt.Grunt.run(Grunt.java:67)
	at org.apache.pig.Main.run(Main.java:487)
	at org.apache.pig.Main.main(Main.java:108)
	at sun.reflect.NativeMethodAccessorImpl.invoke0(Native Method)
	at sun.reflect.NativeMethodAccessorImpl.invoke(NativeMethodAccessorImpl.java:60)
	at sun.reflect.DelegatingMethodAccessorImpl.invoke(DelegatingMethodAccessorImpl.java:37)
	at java.lang.reflect.Method.invoke(Method.java:611)
	at org.apache.hadoop.util.RunJar.main(RunJar.java:156)
================================================================================
