Pig Stack Trace
---------------
ERROR 1200: could not instantiate 'PigStorage' with arguments '[\s+]'

Failed to parse: could not instantiate 'PigStorage' with arguments '[\s+]'
	at org.apache.pig.parser.QueryParserDriver.parse(QueryParserDriver.java:180)
	at org.apache.pig.PigServer$Graph.validateQuery(PigServer.java:1609)
	at org.apache.pig.PigServer$Graph.registerQuery(PigServer.java:1582)
	at org.apache.pig.PigServer.registerQuery(PigServer.java:584)
	at org.apache.pig.tools.grunt.GruntParser.processPig(GruntParser.java:942)
	at org.apache.pig.tools.pigscript.parser.PigScriptParser.parse(PigScriptParser.java:386)
	at org.apache.pig.tools.grunt.GruntParser.parseStopOnError(GruntParser.java:188)
	at org.apache.pig.tools.grunt.GruntParser.parseStopOnError(GruntParser.java:164)
	at org.apache.pig.tools.grunt.Grunt.run(Grunt.java:67)
	at org.apache.pig.Main.run(Main.java:487)
	at org.apache.pig.Main.main(Main.java:108)
	at sun.reflect.NativeMethodAccessorImpl.invoke0(Native Method)
	at sun.reflect.NativeMethodAccessorImpl.invoke(NativeMethodAccessorImpl.java:60)
	at sun.reflect.DelegatingMethodAccessorImpl.invoke(DelegatingMethodAccessorImpl.java:37)
	at java.lang.reflect.Method.invoke(Method.java:611)
	at org.apache.hadoop.util.RunJar.main(RunJar.java:156)
Caused by: java.lang.RuntimeException: could not instantiate 'PigStorage' with arguments '[\s+]'
	at org.apache.pig.impl.PigContext.instantiateFuncFromSpec(PigContext.java:504)
	at org.apache.pig.parser.LogicalPlanBuilder.validateFuncSpec(LogicalPlanBuilder.java:723)
	at org.apache.pig.parser.LogicalPlanBuilder.buildFuncSpec(LogicalPlanBuilder.java:712)
	at org.apache.pig.parser.LogicalPlanGenerator.func_clause(LogicalPlanGenerator.java:4309)
	at org.apache.pig.parser.LogicalPlanGenerator.load_clause(LogicalPlanGenerator.java:2902)
	at org.apache.pig.parser.LogicalPlanGenerator.op_clause(LogicalPlanGenerator.java:1078)
	at org.apache.pig.parser.LogicalPlanGenerator.general_statement(LogicalPlanGenerator.java:683)
	at org.apache.pig.parser.LogicalPlanGenerator.statement(LogicalPlanGenerator.java:483)
	at org.apache.pig.parser.LogicalPlanGenerator.query(LogicalPlanGenerator.java:369)
	at org.apache.pig.parser.QueryParserDriver.parse(QueryParserDriver.java:171)
	... 15 more
Caused by: java.lang.reflect.InvocationTargetException
	at sun.reflect.NativeConstructorAccessorImpl.newInstance0(Native Method)
	at sun.reflect.NativeConstructorAccessorImpl.newInstance(NativeConstructorAccessorImpl.java:56)
	at sun.reflect.DelegatingConstructorAccessorImpl.newInstance(DelegatingConstructorAccessorImpl.java:39)
	at java.lang.reflect.Constructor.newInstance(Constructor.java:527)
	at org.apache.pig.impl.PigContext.instantiateFuncFromSpec(PigContext.java:472)
	... 24 more
Caused by: java.lang.IllegalArgumentException: Unknown delimiter \s+
	at org.apache.pig.impl.util.StorageUtil.parseFieldDel(StorageUtil.java:85)
	at org.apache.pig.builtin.PigStorage.<init>(PigStorage.java:95)
	... 29 more
================================================================================
