Backend error message
---------------------
Error: null

Pig Stack Trace
---------------
ERROR 2997: Unable to recreate exception from backed error: Error: null

org.apache.pig.backend.executionengine.ExecException: ERROR 2997: Unable to recreate exception from backed error: Error: null
	at org.apache.pig.backend.hadoop.executionengine.mapReduceLayer.Launcher.getErrorMessages(Launcher.java:221)
	at org.apache.pig.backend.hadoop.executionengine.mapReduceLayer.Launcher.getStats(Launcher.java:151)
	at org.apache.pig.backend.hadoop.executionengine.mapReduceLayer.MapReduceLauncher.launchPig(MapReduceLauncher.java:343)
	at org.apache.pig.PigServer.launchPlan(PigServer.java:1314)
	at org.apache.pig.PigServer.executeCompiledLogicalPlan(PigServer.java:1299)
	at org.apache.pig.PigServer.execute(PigServer.java:1286)
	at org.apache.pig.PigServer.executeBatch(PigServer.java:360)
	at org.apache.pig.tools.grunt.GruntParser.executeBatch(GruntParser.java:131)
	at org.apache.pig.tools.grunt.GruntParser.parseStopOnError(GruntParser.java:192)
	at org.apache.pig.tools.grunt.GruntParser.parseStopOnError(GruntParser.java:164)
	at org.apache.pig.tools.grunt.Grunt.exec(Grunt.java:81)
	at org.apache.pig.Main.run(Main.java:553)
	at org.apache.pig.Main.main(Main.java:108)
	at sun.reflect.NativeMethodAccessorImpl.invoke0(Native Method)
	at sun.reflect.NativeMethodAccessorImpl.invoke(NativeMethodAccessorImpl.java:60)
	at sun.reflect.DelegatingMethodAccessorImpl.invoke(DelegatingMethodAccessorImpl.java:37)
	at java.lang.reflect.Method.invoke(Method.java:611)
	at org.apache.hadoop.util.RunJar.main(RunJar.java:156)
================================================================================
Pig Stack Trace
---------------
ERROR 2244: Job failed, hadoop does not return any error message

org.apache.pig.backend.executionengine.ExecException: ERROR 2244: Job failed, hadoop does not return any error message
	at org.apache.pig.tools.grunt.GruntParser.executeBatch(GruntParser.java:139)
	at org.apache.pig.tools.grunt.GruntParser.parseStopOnError(GruntParser.java:192)
	at org.apache.pig.tools.grunt.GruntParser.parseStopOnError(GruntParser.java:164)
	at org.apache.pig.tools.grunt.Grunt.exec(Grunt.java:81)
	at org.apache.pig.Main.run(Main.java:553)
	at org.apache.pig.Main.main(Main.java:108)
	at sun.reflect.NativeMethodAccessorImpl.invoke0(Native Method)
	at sun.reflect.NativeMethodAccessorImpl.invoke(NativeMethodAccessorImpl.java:60)
	at sun.reflect.DelegatingMethodAccessorImpl.invoke(DelegatingMethodAccessorImpl.java:37)
	at java.lang.reflect.Method.invoke(Method.java:611)
	at org.apache.hadoop.util.RunJar.main(RunJar.java:156)
================================================================================
Pig Stack Trace
---------------
ERROR 2244: Job failed, hadoop does not return any error message

org.apache.pig.backend.executionengine.ExecException: ERROR 2244: Job failed, hadoop does not return any error message
	at org.apache.pig.tools.grunt.GruntParser.executeBatch(GruntParser.java:139)
	at org.apache.pig.tools.grunt.GruntParser.parseStopOnError(GruntParser.java:192)
	at org.apache.pig.tools.grunt.GruntParser.parseStopOnError(GruntParser.java:164)
	at org.apache.pig.tools.grunt.Grunt.exec(Grunt.java:81)
	at org.apache.pig.Main.run(Main.java:553)
	at org.apache.pig.Main.main(Main.java:108)
	at sun.reflect.NativeMethodAccessorImpl.invoke0(Native Method)
	at sun.reflect.NativeMethodAccessorImpl.invoke(NativeMethodAccessorImpl.java:60)
	at sun.reflect.DelegatingMethodAccessorImpl.invoke(DelegatingMethodAccessorImpl.java:37)
	at java.lang.reflect.Method.invoke(Method.java:611)
	at org.apache.hadoop.util.RunJar.main(RunJar.java:156)
================================================================================
