Pig Stack Trace
---------------
ERROR 1200: Pig script failed to parse: 
<line 3, column 17> Undefined alias: rawBlockedLines

Failed to parse: Pig script failed to parse: 
<line 3, column 17> Undefined alias: rawBlockedLines
	at org.apache.pig.parser.QueryParserDriver.parse(QueryParserDriver.java:178)
	at org.apache.pig.PigServer$Graph.validateQuery(PigServer.java:1609)
	at org.apache.pig.PigServer$Graph.registerQuery(PigServer.java:1582)
	at org.apache.pig.PigServer.registerQuery(PigServer.java:584)
	at org.apache.pig.tools.grunt.GruntParser.processPig(GruntParser.java:942)
	at org.apache.pig.tools.pigscript.parser.PigScriptParser.parse(PigScriptParser.java:386)
	at org.apache.pig.tools.grunt.GruntParser.parseStopOnError(GruntParser.java:188)
	at org.apache.pig.tools.grunt.GruntParser.parseStopOnError(GruntParser.java:164)
	at org.apache.pig.tools.grunt.Grunt.run(Grunt.java:67)
	at org.apache.pig.Main.run(Main.java:487)
	at org.apache.pig.Main.main(Main.java:108)
	at sun.reflect.NativeMethodAccessorImpl.invoke0(Native Method)
	at sun.reflect.NativeMethodAccessorImpl.invoke(NativeMethodAccessorImpl.java:60)
	at sun.reflect.DelegatingMethodAccessorImpl.invoke(DelegatingMethodAccessorImpl.java:37)
	at java.lang.reflect.Method.invoke(Method.java:611)
	at org.apache.hadoop.util.RunJar.main(RunJar.java:156)
Caused by: 
<line 3, column 17> Undefined alias: rawBlockedLines
	at org.apache.pig.parser.AstValidator.validateAliasRef(AstValidator.java:237)
	at org.apache.pig.parser.AstValidator.rel(AstValidator.java:4647)
	at org.apache.pig.parser.AstValidator.filter_clause(AstValidator.java:5218)
	at org.apache.pig.parser.AstValidator.op_clause(AstValidator.java:1073)
	at org.apache.pig.parser.AstValidator.general_statement(AstValidator.java:617)
	at org.apache.pig.parser.AstValidator.statement(AstValidator.java:418)
	at org.apache.pig.parser.AstValidator.query(AstValidator.java:317)
	at org.apache.pig.parser.QueryParserDriver.validateAst(QueryParserDriver.java:236)
	at org.apache.pig.parser.QueryParserDriver.parse(QueryParserDriver.java:168)
	... 15 more
================================================================================
