Pig Stack Trace
---------------
ERROR 1070: Could not resolve PIGSTORAGE using imports: [, org.apache.pig.builtin., org.apache.pig.impl.builtin.]

org.apache.pig.impl.logicalLayer.FrontendException: ERROR 1000: Error during parsing. Could not resolve PIGSTORAGE using imports: [, org.apache.pig.builtin., org.apache.pig.impl.builtin.]
	at org.apache.pig.PigServer$Graph.parseQuery(PigServer.java:1639)
	at org.apache.pig.PigServer$Graph.registerQuery(PigServer.java:1584)
	at org.apache.pig.PigServer.registerQuery(PigServer.java:584)
	at org.apache.pig.tools.grunt.GruntParser.processPig(GruntParser.java:942)
	at org.apache.pig.tools.pigscript.parser.PigScriptParser.parse(PigScriptParser.java:386)
	at org.apache.pig.tools.grunt.GruntParser.parseStopOnError(GruntParser.java:188)
	at org.apache.pig.tools.grunt.GruntParser.parseStopOnError(GruntParser.java:164)
	at org.apache.pig.tools.grunt.Grunt.exec(Grunt.java:81)
	at org.apache.pig.Main.run(Main.java:553)
	at org.apache.pig.Main.main(Main.java:108)
	at sun.reflect.NativeMethodAccessorImpl.invoke0(Native Method)
	at sun.reflect.NativeMethodAccessorImpl.invoke(NativeMethodAccessorImpl.java:60)
	at sun.reflect.DelegatingMethodAccessorImpl.invoke(DelegatingMethodAccessorImpl.java:37)
	at java.lang.reflect.Method.invoke(Method.java:611)
	at org.apache.hadoop.util.RunJar.main(RunJar.java:156)
Caused by: Failed to parse: Cannot instantiate: PIGSTORAGE
	at org.apache.pig.parser.QueryParserDriver.parse(QueryParserDriver.java:180)
	at org.apache.pig.PigServer$Graph.parseQuery(PigServer.java:1631)
	... 14 more
Caused by: java.lang.RuntimeException: Cannot instantiate: PIGSTORAGE
	at org.apache.pig.impl.PigContext.instantiateFuncFromSpec(PigContext.java:461)
	at org.apache.pig.parser.LogicalPlanBuilder.validateFuncSpec(LogicalPlanBuilder.java:723)
	at org.apache.pig.parser.LogicalPlanBuilder.buildFuncSpec(LogicalPlanBuilder.java:712)
	at org.apache.pig.parser.LogicalPlanGenerator.func_clause(LogicalPlanGenerator.java:4309)
	at org.apache.pig.parser.LogicalPlanGenerator.load_clause(LogicalPlanGenerator.java:2902)
	at org.apache.pig.parser.LogicalPlanGenerator.op_clause(LogicalPlanGenerator.java:1078)
	at org.apache.pig.parser.LogicalPlanGenerator.general_statement(LogicalPlanGenerator.java:683)
	at org.apache.pig.parser.LogicalPlanGenerator.statement(LogicalPlanGenerator.java:483)
	at org.apache.pig.parser.LogicalPlanGenerator.query(LogicalPlanGenerator.java:369)
	at org.apache.pig.parser.QueryParserDriver.parse(QueryParserDriver.java:171)
	... 15 more
Caused by: org.apache.pig.backend.executionengine.ExecException: ERROR 1070: Could not resolve PIGSTORAGE using imports: [, org.apache.pig.builtin., org.apache.pig.impl.builtin.]
	at org.apache.pig.impl.PigContext.resolveClassName(PigContext.java:446)
	at org.apache.pig.impl.PigContext.instantiateFuncFromSpec(PigContext.java:458)
	... 24 more
================================================================================
