Pig Stack Trace
---------------
ERROR 1025: 
<file exp3.pig, line 6, column 41> Invalid field projection. Projected field [id] does not exist in schema: ipTraceLines::time:chararray,ipTraceLines::id:chararray,ipTraceLines::srcip:chararray,ipTraceLines::bracket:chararray,ipTraceLines::destip:chararray,ipTraceLines::protocol:chararray,ipTraceLines::depdata:chararray,rawBlockLines::id:chararray,rawBlockLines::status:chararray.

org.apache.pig.impl.plan.PlanValidationException: ERROR 1025: 
<file exp3.pig, line 6, column 41> Invalid field projection. Projected field [id] does not exist in schema: ipTraceLines::time:chararray,ipTraceLines::id:chararray,ipTraceLines::srcip:chararray,ipTraceLines::bracket:chararray,ipTraceLines::destip:chararray,ipTraceLines::protocol:chararray,ipTraceLines::depdata:chararray,rawBlockLines::id:chararray,rawBlockLines::status:chararray.
	at org.apache.pig.newplan.logical.expression.ProjectExpression.findColNum(ProjectExpression.java:182)
	at org.apache.pig.newplan.logical.expression.ProjectExpression.setColumnNumberFromAlias(ProjectExpression.java:165)
	at org.apache.pig.newplan.logical.visitor.ColumnAliasConversionVisitor$1.visit(ColumnAliasConversionVisitor.java:53)
	at org.apache.pig.newplan.logical.expression.ProjectExpression.accept(ProjectExpression.java:206)
	at org.apache.pig.newplan.DependencyOrderWalker.walk(DependencyOrderWalker.java:75)
	at org.apache.pig.newplan.PlanVisitor.visit(PlanVisitor.java:50)
	at org.apache.pig.newplan.logical.optimizer.AllExpressionVisitor.visit(AllExpressionVisitor.java:126)
	at org.apache.pig.newplan.logical.relational.LOInnerLoad.accept(LOInnerLoad.java:128)
	at org.apache.pig.newplan.DependencyOrderWalker.walk(DependencyOrderWalker.java:75)
	at org.apache.pig.newplan.logical.optimizer.AllExpressionVisitor.visit(AllExpressionVisitor.java:104)
	at org.apache.pig.newplan.logical.relational.LOForEach.accept(LOForEach.java:74)
	at org.apache.pig.newplan.DependencyOrderWalker.walk(DependencyOrderWalker.java:75)
	at org.apache.pig.newplan.PlanVisitor.visit(PlanVisitor.java:50)
	at org.apache.pig.PigServer$Graph.compile(PigServer.java:1658)
	at org.apache.pig.PigServer$Graph.compile(PigServer.java:1653)
	at org.apache.pig.PigServer$Graph.access$200(PigServer.java:1378)
	at org.apache.pig.PigServer.execute(PigServer.java:1280)
	at org.apache.pig.PigServer.executeBatch(PigServer.java:360)
	at org.apache.pig.tools.grunt.GruntParser.executeBatch(GruntParser.java:131)
	at org.apache.pig.tools.grunt.GruntParser.parseStopOnError(GruntParser.java:192)
	at org.apache.pig.tools.grunt.GruntParser.parseStopOnError(GruntParser.java:164)
	at org.apache.pig.tools.grunt.Grunt.exec(Grunt.java:81)
	at org.apache.pig.Main.run(Main.java:553)
	at org.apache.pig.Main.main(Main.java:108)
	at sun.reflect.NativeMethodAccessorImpl.invoke0(Native Method)
	at sun.reflect.NativeMethodAccessorImpl.invoke(NativeMethodAccessorImpl.java:60)
	at sun.reflect.DelegatingMethodAccessorImpl.invoke(DelegatingMethodAccessorImpl.java:37)
	at java.lang.reflect.Method.invoke(Method.java:611)
	at org.apache.hadoop.util.RunJar.main(RunJar.java:156)
================================================================================
