Pig Stack Trace
---------------
ERROR 1200: Pig script failed to parse: 
<file exp1.pig, line 4, column 9> pig script failed to validate: org.apache.pig.impl.logicalLayer.FrontendException: ERROR 1128: Cannot find field count in usps:chararray,geoid:chararray,pop10:int,hu10:int,aland:int,awater:int,alandsqmi:int,awatersqmi:int,intptlat:int,intptlong:int

org.apache.pig.impl.logicalLayer.FrontendException: ERROR 1000: Error during parsing. Pig script failed to parse: 
<file exp1.pig, line 4, column 9> pig script failed to validate: org.apache.pig.impl.logicalLayer.FrontendException: ERROR 1128: Cannot find field count in usps:chararray,geoid:chararray,pop10:int,hu10:int,aland:int,awater:int,alandsqmi:int,awatersqmi:int,intptlat:int,intptlong:int
	at org.apache.pig.PigServer$Graph.parseQuery(PigServer.java:1639)
	at org.apache.pig.PigServer$Graph.registerQuery(PigServer.java:1584)
	at org.apache.pig.PigServer.registerQuery(PigServer.java:584)
	at org.apache.pig.tools.grunt.GruntParser.processPig(GruntParser.java:942)
	at org.apache.pig.tools.pigscript.parser.PigScriptParser.parse(PigScriptParser.java:386)
	at org.apache.pig.tools.grunt.GruntParser.parseStopOnError(GruntParser.java:188)
	at org.apache.pig.tools.grunt.GruntParser.parseStopOnError(GruntParser.java:164)
	at org.apache.pig.tools.grunt.Grunt.exec(Grunt.java:81)
	at org.apache.pig.Main.run(Main.java:553)
	at org.apache.pig.Main.main(Main.java:108)
	at sun.reflect.NativeMethodAccessorImpl.invoke0(Native Method)
	at sun.reflect.NativeMethodAccessorImpl.invoke(NativeMethodAccessorImpl.java:60)
	at sun.reflect.DelegatingMethodAccessorImpl.invoke(DelegatingMethodAccessorImpl.java:37)
	at java.lang.reflect.Method.invoke(Method.java:611)
	at org.apache.hadoop.util.RunJar.main(RunJar.java:156)
Caused by: Failed to parse: Pig script failed to parse: 
<file exp1.pig, line 4, column 9> pig script failed to validate: org.apache.pig.impl.logicalLayer.FrontendException: ERROR 1128: Cannot find field count in usps:chararray,geoid:chararray,pop10:int,hu10:int,aland:int,awater:int,alandsqmi:int,awatersqmi:int,intptlat:int,intptlong:int
	at org.apache.pig.parser.QueryParserDriver.parse(QueryParserDriver.java:178)
	at org.apache.pig.PigServer$Graph.parseQuery(PigServer.java:1631)
	... 14 more
Caused by: 
<file exp1.pig, line 4, column 9> pig script failed to validate: org.apache.pig.impl.logicalLayer.FrontendException: ERROR 1128: Cannot find field count in usps:chararray,geoid:chararray,pop10:int,hu10:int,aland:int,awater:int,alandsqmi:int,awatersqmi:int,intptlat:int,intptlong:int
	at org.apache.pig.parser.LogicalPlanBuilder.buildForeachOp(LogicalPlanBuilder.java:454)
	at org.apache.pig.parser.LogicalPlanGenerator.foreach_clause(LogicalPlanGenerator.java:11936)
	at org.apache.pig.parser.LogicalPlanGenerator.op_clause(LogicalPlanGenerator.java:1364)
	at org.apache.pig.parser.LogicalPlanGenerator.general_statement(LogicalPlanGenerator.java:683)
	at org.apache.pig.parser.LogicalPlanGenerator.statement(LogicalPlanGenerator.java:483)
	at org.apache.pig.parser.LogicalPlanGenerator.query(LogicalPlanGenerator.java:369)
	at org.apache.pig.parser.QueryParserDriver.parse(QueryParserDriver.java:171)
	... 15 more
================================================================================
