Pig Stack Trace
---------------
ERROR 1200: Pig script failed to parse: 
<file exp1.pig, line 4, column 44> Invalid scalar projection: states

org.apache.pig.impl.logicalLayer.FrontendException: ERROR 1000: Error during parsing. Pig script failed to parse: 
<file exp1.pig, line 4, column 44> Invalid scalar projection: states
	at org.apache.pig.PigServer$Graph.parseQuery(PigServer.java:1639)
	at org.apache.pig.PigServer$Graph.registerQuery(PigServer.java:1584)
	at org.apache.pig.PigServer.registerQuery(PigServer.java:584)
	at org.apache.pig.tools.grunt.GruntParser.processPig(GruntParser.java:942)
	at org.apache.pig.tools.pigscript.parser.PigScriptParser.parse(PigScriptParser.java:386)
	at org.apache.pig.tools.grunt.GruntParser.parseStopOnError(GruntParser.java:188)
	at org.apache.pig.tools.grunt.GruntParser.parseStopOnError(GruntParser.java:164)
	at org.apache.pig.tools.grunt.Grunt.exec(Grunt.java:81)
	at org.apache.pig.Main.run(Main.java:553)
	at org.apache.pig.Main.main(Main.java:108)
	at sun.reflect.NativeMethodAccessorImpl.invoke0(Native Method)
	at sun.reflect.NativeMethodAccessorImpl.invoke(NativeMethodAccessorImpl.java:60)
	at sun.reflect.DelegatingMethodAccessorImpl.invoke(DelegatingMethodAccessorImpl.java:37)
	at java.lang.reflect.Method.invoke(Method.java:611)
	at org.apache.hadoop.util.RunJar.main(RunJar.java:156)
Caused by: Failed to parse: Pig script failed to parse: 
<file exp1.pig, line 4, column 44> Invalid scalar projection: states
	at org.apache.pig.parser.QueryParserDriver.parse(QueryParserDriver.java:178)
	at org.apache.pig.PigServer$Graph.parseQuery(PigServer.java:1631)
	... 14 more
Caused by: 
<file exp1.pig, line 4, column 44> Invalid scalar projection: states
	at org.apache.pig.parser.LogicalPlanGenerator.var_expr(LogicalPlanGenerator.java:8403)
	at org.apache.pig.parser.LogicalPlanGenerator.expr(LogicalPlanGenerator.java:7678)
	at org.apache.pig.parser.LogicalPlanGenerator.real_arg(LogicalPlanGenerator.java:7139)
	at org.apache.pig.parser.LogicalPlanGenerator.func_eval(LogicalPlanGenerator.java:6985)
	at org.apache.pig.parser.LogicalPlanGenerator.projectable_expr(LogicalPlanGenerator.java:8550)
	at org.apache.pig.parser.LogicalPlanGenerator.var_expr(LogicalPlanGenerator.java:8325)
	at org.apache.pig.parser.LogicalPlanGenerator.expr(LogicalPlanGenerator.java:7678)
	at org.apache.pig.parser.LogicalPlanGenerator.flatten_generated_item(LogicalPlanGenerator.java:5660)
	at org.apache.pig.parser.LogicalPlanGenerator.generate_clause(LogicalPlanGenerator.java:12312)
	at org.apache.pig.parser.LogicalPlanGenerator.foreach_plan(LogicalPlanGenerator.java:12053)
	at org.apache.pig.parser.LogicalPlanGenerator.foreach_clause(LogicalPlanGenerator.java:11920)
	at org.apache.pig.parser.LogicalPlanGenerator.op_clause(LogicalPlanGenerator.java:1364)
	at org.apache.pig.parser.LogicalPlanGenerator.general_statement(LogicalPlanGenerator.java:683)
	at org.apache.pig.parser.LogicalPlanGenerator.statement(LogicalPlanGenerator.java:483)
	at org.apache.pig.parser.LogicalPlanGenerator.query(LogicalPlanGenerator.java:369)
	at org.apache.pig.parser.QueryParserDriver.parse(QueryParserDriver.java:171)
	... 15 more
================================================================================
