Pig Stack Trace
---------------
ERROR 1025: 
<file exp1.pig, line 4, column 33> Invalid field projection. Projected field [adds] does not exist in schema: group:chararray,records:bag{:tuple(usps:chararray,geoid:chararray,pop10:int,hu10:int,aland:int,awater:int,alandsqmi:int,awatersqmi:int,intptlat:int,intptlong:int)}.

org.apache.pig.impl.logicalLayer.FrontendException: ERROR 1066: Unable to open iterator for alias ordered
	at org.apache.pig.PigServer.openIterator(PigServer.java:901)
	at org.apache.pig.tools.grunt.GruntParser.processDump(GruntParser.java:655)
	at org.apache.pig.tools.pigscript.parser.PigScriptParser.parse(PigScriptParser.java:303)
	at org.apache.pig.tools.grunt.GruntParser.parseStopOnError(GruntParser.java:188)
	at org.apache.pig.tools.grunt.GruntParser.parseStopOnError(GruntParser.java:164)
	at org.apache.pig.tools.grunt.Grunt.exec(Grunt.java:81)
	at org.apache.pig.Main.run(Main.java:553)
	at org.apache.pig.Main.main(Main.java:108)
	at sun.reflect.NativeMethodAccessorImpl.invoke0(Native Method)
	at sun.reflect.NativeMethodAccessorImpl.invoke(NativeMethodAccessorImpl.java:60)
	at sun.reflect.DelegatingMethodAccessorImpl.invoke(DelegatingMethodAccessorImpl.java:37)
	at java.lang.reflect.Method.invoke(Method.java:611)
	at org.apache.hadoop.util.RunJar.main(RunJar.java:156)
Caused by: org.apache.pig.PigException: ERROR 1002: Unable to store alias ordered
	at org.apache.pig.PigServer.storeEx(PigServer.java:1000)
	at org.apache.pig.PigServer.store(PigServer.java:963)
	at org.apache.pig.PigServer.openIterator(PigServer.java:876)
	... 12 more
Caused by: org.apache.pig.impl.plan.PlanValidationException: ERROR 1025: 
<file exp1.pig, line 4, column 33> Invalid field projection. Projected field [adds] does not exist in schema: group:chararray,records:bag{:tuple(usps:chararray,geoid:chararray,pop10:int,hu10:int,aland:int,awater:int,alandsqmi:int,awatersqmi:int,intptlat:int,intptlong:int)}.
	at org.apache.pig.newplan.logical.expression.ProjectExpression.findColNum(ProjectExpression.java:182)
	at org.apache.pig.newplan.logical.expression.ProjectExpression.setColumnNumberFromAlias(ProjectExpression.java:165)
	at org.apache.pig.newplan.logical.visitor.ColumnAliasConversionVisitor$1.visit(ColumnAliasConversionVisitor.java:53)
	at org.apache.pig.newplan.logical.expression.ProjectExpression.accept(ProjectExpression.java:206)
	at org.apache.pig.newplan.DependencyOrderWalker.walk(DependencyOrderWalker.java:75)
	at org.apache.pig.newplan.PlanVisitor.visit(PlanVisitor.java:50)
	at org.apache.pig.newplan.logical.optimizer.AllExpressionVisitor.visit(AllExpressionVisitor.java:126)
	at org.apache.pig.newplan.logical.relational.LOInnerLoad.accept(LOInnerLoad.java:128)
	at org.apache.pig.newplan.DependencyOrderWalker.walk(DependencyOrderWalker.java:75)
	at org.apache.pig.newplan.logical.optimizer.AllExpressionVisitor.visit(AllExpressionVisitor.java:104)
	at org.apache.pig.newplan.logical.relational.LOForEach.accept(LOForEach.java:74)
	at org.apache.pig.newplan.DependencyOrderWalker.walk(DependencyOrderWalker.java:75)
	at org.apache.pig.newplan.PlanVisitor.visit(PlanVisitor.java:50)
	at org.apache.pig.PigServer$Graph.compile(PigServer.java:1658)
	at org.apache.pig.PigServer$Graph.compile(PigServer.java:1653)
	at org.apache.pig.PigServer$Graph.access$200(PigServer.java:1378)
	at org.apache.pig.PigServer.storeEx(PigServer.java:995)
	... 14 more
================================================================================
