Pig Stack Trace
---------------
ERROR 1200: <file exp1.pig, line 4, column 38>  Syntax error, unexpected symbol at or near 'SUM'

org.apache.pig.impl.logicalLayer.FrontendException: ERROR 1000: Error during parsing. <file exp1.pig, line 4, column 38>  Syntax error, unexpected symbol at or near 'SUM'
	at org.apache.pig.PigServer$Graph.parseQuery(PigServer.java:1639)
	at org.apache.pig.PigServer$Graph.registerQuery(PigServer.java:1584)
	at org.apache.pig.PigServer.registerQuery(PigServer.java:584)
	at org.apache.pig.tools.grunt.GruntParser.processPig(GruntParser.java:942)
	at org.apache.pig.tools.pigscript.parser.PigScriptParser.parse(PigScriptParser.java:386)
	at org.apache.pig.tools.grunt.GruntParser.parseStopOnError(GruntParser.java:188)
	at org.apache.pig.tools.grunt.GruntParser.parseStopOnError(GruntParser.java:164)
	at org.apache.pig.tools.grunt.Grunt.exec(Grunt.java:81)
	at org.apache.pig.Main.run(Main.java:553)
	at org.apache.pig.Main.main(Main.java:108)
	at sun.reflect.NativeMethodAccessorImpl.invoke0(Native Method)
	at sun.reflect.NativeMethodAccessorImpl.invoke(NativeMethodAccessorImpl.java:60)
	at sun.reflect.DelegatingMethodAccessorImpl.invoke(DelegatingMethodAccessorImpl.java:37)
	at java.lang.reflect.Method.invoke(Method.java:611)
	at org.apache.hadoop.util.RunJar.main(RunJar.java:156)
Caused by: Failed to parse: <file exp1.pig, line 4, column 38>  Syntax error, unexpected symbol at or near 'SUM'
	at org.apache.pig.parser.QueryParserDriver.parse(QueryParserDriver.java:222)
	at org.apache.pig.parser.QueryParserDriver.parse(QueryParserDriver.java:164)
	at org.apache.pig.PigServer$Graph.parseQuery(PigServer.java:1631)
	... 14 more
================================================================================
